<?xml version="1.0" encoding="UTF-8"?>
<!-- Generated by org.testng.reporters.JUnitReportReporter -->
<testsuite hostname="DESKTOP-DV4AI68" failures="0" tests="4" name="MavenMsc.GermanyIsCalling" time="39.158" errors="0" timestamp="2024-09-11T11:22:04 GMT-05:00" skipped="0">
  <testcase classname="MavenMsc.GermanyIsCalling" name="UnSuccefull" time="17.052"/>
  <testcase classname="MavenMsc.GermanyIsCalling" name="Browser" time="11.063"/>
  <testcase classname="MavenMsc.GermanyIsCalling" name="LoginSuccefull" time="7.945"/>
  <testcase classname="MavenMsc.GermanyIsCalling" name="Logout" time="3.098"/>
</testsuite> <!-- MavenMsc.GermanyIsCalling -->
