<?xml version="1.0" encoding="UTF-8"?>
<!-- Generated by org.testng.reporters.JUnitReportReporter -->
<testsuite hostname="DESKTOP-DV4AI68" failures="0" tests="1" name="FirstClass.Registration" time="0.168" errors="0" timestamp="2024-09-11T12:36:20 GMT-05:00" skipped="0">
  <testcase classname="FirstClass.Registration" name="Regist" time="0.168"/>
</testsuite> <!-- FirstClass.Registration -->
